<?xml version="1.0" encoding="UTF-8"?>
<!-- Generated by org.testng.reporters.JUnitXMLReporter -->
<testsuite ignored="0" hostname="DESKTOP-TASGCT9" failures="0" tests="9" name="Test" time="212.199" errors="0" timestamp="07 Feb 2022 23:42:31 GMT">
  <testcase classname="com.crm.qa.testcases.NewLoginPageTest" name="loginPageTitleTest" time="0.097"/>
  <testcase classname="com.crm.qa.testcases.HomePageTest" name="verifyHomePageTitleTest" time="0.017"/>
  <testcase classname="com.crm.qa.testcases.NewLoginPageTest" name="crmLogoTest" time="0.69"/>
  <testcase classname="com.crm.qa.testcases.HomePageTest" name="verifyUserNameLabel" time="0.693"/>
  <testcase classname="com.crm.qa.testcases.HomePageTest" name="verifyContactsLinkTest" time="1.557"/>
  <testcase classname="com.crm.qa.testcases.ContactsPageTest" name="validateCreateNewContactString" time="8.363"/>
  <testcase classname="com.crm.qa.testcases.ContactsPageTest" name="validateCreateNewContactString" time="8.135"/>
  <testcase classname="com.crm.qa.testcases.ContactsPageTest" name="validateCreateNewContactString" time="8.229"/>
  <testcase classname="com.crm.qa.testcases.NewLoginPageTest" name="loginTest" time="4.264"/>
</testsuite> <!-- Test -->
